<?xml version="1.0" encoding="UTF-8"?>
<!-- Generated by org.testng.reporters.JUnitReportReporter -->
<testsuite hostname="DESKTOP-Q97UVND" failures="0" tests="4" name="org.test.DataProviderBasic" time="54.892" errors="0" timestamp="21 Sep 2021 15:48:14 GMT" skipped="0">
  <testcase classname="org.test.DataProviderBasic" name="loginFunctionality" time="19.419"/>
  <testcase classname="org.test.DataProviderBasic" name="loginFunctionality" time="13.244"/>
  <testcase classname="org.test.DataProviderBasic" name="loginFunctionality" time="11.460"/>
  <testcase classname="org.test.DataProviderBasic" name="loginFunctionality" time="10.769"/>
</testsuite> <!-- org.test.DataProviderBasic -->
